<?xml version="1.0" encoding="UTF-8"?>
<testsuite xmlns:xsi="http://www.w3.org/2001/XMLSchema-instance" xsi:noNamespaceSchemaLocation="https://maven.apache.org/surefire/maven-surefire-plugin/xsd/surefire-test-report.xsd" version="3.0.2" name="com.expense.management.EnterpriseExpenseManagementApplicationTests" time="8.798" tests="1" errors="0" skipped="0" failures="0">
  <properties>
[...]
</properties>
  <testcase name="contextLoads" classname="com.expense.management.EnterpriseExpenseManagementApplicationTests" time="0.738">
    <system-out><![CDATA[18:16:18.048 [main] INFO org.springframework.test.context.support.AnnotationConfigContextLoaderUtils -- Could not detect default configuration classes for test class [com.expense.management.EnterpriseExpenseManagementApplicationTests]: EnterpriseExpenseManagementApplicationTests does not declare any static, non-private, non-final, nested classes annotated with @Configuration.
18:16:18.205 [main] INFO org.springframework.boot.test.context.SpringBootTestContextBootstrapper -- Found @SpringBootConfiguration com.expense.management.EnterpriseExpenseManagementApplication for test class com.expense.management.EnterpriseExpenseManagementApplicationTests

  .   ____          _            __ _ _
 /\\ / ___'_ __ _ _(_)_ __  __ _ \ \ \ \
( ( )\___ | '_ | '_| | '_ \/ _` | \ \ \ \
 \\/  ___)| |_)| | | | | || (_| |  ) ) ) )
  '  |____| .__|_| |_|_| |_\__, | / / / /
 =========|_|==============|___/=/_/_/_/

 :: Spring Boot ::                (v3.4.4)

2025-04-19T18:16:18.888+05:30  INFO 93008 --- [           main] erpriseExpenseManagementApplicationTests : Starting EnterpriseExpenseManagementApplicationTests using Java 17.0.13 with PID 93008 (started by zayed in Z:\Projects\ZidioIntern\enterprise-expense-management)
2025-04-19T18:16:18.891+05:30  INFO 93008 --- [           main] erpriseExpenseManagementApplicationTests : No active profile set, falling back to 1 default profile: "default"
2025-04-19T18:16:19.936+05:30  INFO 93008 --- [           main] .s.d.r.c.RepositoryConfigurationDelegate : Bootstrapping Spring Data JPA repositories in DEFAULT mode.
2025-04-19T18:16:20.055+05:30  INFO 93008 --- [           main] .s.d.r.c.RepositoryConfigurationDelegate : Finished Spring Data repository scanning in 102 ms. Found 1 JPA repository interface.
2025-04-19T18:16:21.392+05:30  INFO 93008 --- [           main] com.zaxxer.hikari.HikariDataSource       : HikariPool-1 - Starting...
2025-04-19T18:16:21.644+05:30  INFO 93008 --- [           main] com.zaxxer.hikari.pool.HikariPool        : HikariPool-1 - Added connection com.mysql.cj.jdbc.ConnectionImpl@62a6674f
2025-04-19T18:16:21.646+05:30  INFO 93008 --- [           main] com.zaxxer.hikari.HikariDataSource       : HikariPool-1 - Start completed.
2025-04-19T18:16:21.724+05:30  INFO 93008 --- [           main] org.flywaydb.core.FlywayExecutor         : Database: jdbc:mysql://localhost:3306/expense_management?useSSL=false&serverTimezone=UTC (MySQL 8.0)
2025-04-19T18:16:21.819+05:30  INFO 93008 --- [           main] o.f.core.internal.command.DbValidate     : Successfully validated 1 migration (execution time 00:00.041s)
2025-04-19T18:16:21.844+05:30  INFO 93008 --- [           main] o.f.core.internal.command.DbMigrate      : Current version of schema `expense_management`: 1
2025-04-19T18:16:21.849+05:30  INFO 93008 --- [           main] o.f.core.internal.command.DbMigrate      : Schema `expense_management` is up to date. No migration necessary.
2025-04-19T18:16:22.103+05:30  INFO 93008 --- [           main] o.hibernate.jpa.internal.util.LogHelper  : HHH000204: Processing PersistenceUnitInfo [name: default]
2025-04-19T18:16:22.175+05:30  INFO 93008 --- [           main] org.hibernate.Version                    : HHH000412: Hibernate ORM core version 6.6.11.Final
2025-04-19T18:16:22.226+05:30  INFO 93008 --- [           main] o.h.c.internal.RegionFactoryInitiator    : HHH000026: Second-level cache disabled
2025-04-19T18:16:22.672+05:30  INFO 93008 --- [           main] o.s.o.j.p.SpringPersistenceUnitInfo      : No LoadTimeWeaver setup: ignoring JPA class transformer
2025-04-19T18:16:22.732+05:30  WARN 93008 --- [           main] org.hibernate.orm.deprecation            : HHH90000025: MySQLDialect does not need to be specified explicitly using 'hibernate.dialect' (remove the property setting and it will be selected by default)
2025-04-19T18:16:22.747+05:30  INFO 93008 --- [           main] org.hibernate.orm.connections.pooling    : HHH10001005: Database info:
	Database JDBC URL [Connecting through datasource 'HikariDataSource (HikariPool-1)']
	Database driver: undefined/unknown
	Database version: 8.0.41
	Autocommit mode: undefined/unknown
	Isolation level: undefined/unknown
	Minimum pool size: undefined/unknown
	Maximum pool size: undefined/unknown
2025-04-19T18:16:23.619+05:30  INFO 93008 --- [           main] o.h.e.t.j.p.i.JtaPlatformInitiator       : HHH000489: No JTA platform available (set 'hibernate.transaction.jta.platform' to enable JTA platform integration)
2025-04-19T18:16:23.679+05:30  INFO 93008 --- [           main] j.LocalContainerEntityManagerFactoryBean : Initialized JPA EntityManagerFactory for persistence unit 'default'
>>> PasswordEncoder loaded: org.springframework.security.crypto.bcrypt.BCryptPasswordEncoder
2025-04-19T18:16:24.689+05:30  WARN 93008 --- [           main] JpaBaseConfiguration$JpaWebConfiguration : spring.jpa.open-in-view is enabled by default. Therefore, database queries may be performed during view rendering. Explicitly configure spring.jpa.open-in-view to disable this warning
2025-04-19T18:16:25.388+05:30  WARN 93008 --- [           main] .s.s.UserDetailsServiceAutoConfiguration : 

Using generated security password: 6baa4c4b-6a91-43bd-8c2e-b8ba33c924c4

This generated password is for development use only. Your security configuration must be updated before running your application in production.

2025-04-19T18:16:25.407+05:30  INFO 93008 --- [           main] r$InitializeUserDetailsManagerConfigurer : Global AuthenticationManager configured with UserDetailsService bean with name inMemoryUserDetailsManager
2025-04-19T18:16:25.850+05:30  INFO 93008 --- [           main] erpriseExpenseManagementApplicationTests : Started EnterpriseExpenseManagementApplicationTests in 7.4 seconds (process running for 8.727)
]]></system-out>
  </testcase>
</testsuite>